[0.013s] Invoking command in '/home/huahua/project/ROS2-Gazebo-GO2/build/cartographer': CMAKE_PREFIX_PATH=${CMAKE_PREFIX_PATH}:/opt/ros/humble /usr/bin/cmake /home/huahua/project/ROS2-Gazebo-GO2/src/cartographer -DCMAKE_INSTALL_PREFIX=/home/huahua/project/ROS2-Gazebo-GO2/install/cartographer
[0.096s] -- The C compiler identification is GNU 11.4.0
[0.159s] -- The CXX compiler identification is GNU 11.4.0
[0.166s] -- Detecting C compiler ABI info
[0.214s] -- Detecting C compiler ABI info - done
[0.220s] -- Check for working C compiler: /usr/bin/cc - skipped
[0.220s] -- Detecting C compile features
[0.220s] -- Detecting C compile features - done
[0.223s] -- Detecting CXX compiler ABI info
[0.281s] -- Detecting CXX compiler ABI info - done
[0.286s] -- Check for working CXX compiler: /usr/bin/c++ - skipped
[0.286s] -- Detecting CXX compile features
[0.287s] -- Detecting CXX compile features - done
[0.294s] -- Found ament_cmake: 1.3.12 (/opt/ros/humble/share/ament_cmake/cmake)
[0.436s] -- Found Python3: /usr/bin/python3 (found version "3.10.12") found components: Interpreter 
[0.563s] -- Configuring done
[0.565s] -- Generating done
[0.566s] -- Build files have been written to: /home/huahua/project/ROS2-Gazebo-GO2/build/cartographer
[0.569s] Invoked command in '/home/huahua/project/ROS2-Gazebo-GO2/build/cartographer' returned '0': CMAKE_PREFIX_PATH=${CMAKE_PREFIX_PATH}:/opt/ros/humble /usr/bin/cmake /home/huahua/project/ROS2-Gazebo-GO2/src/cartographer -DCMAKE_INSTALL_PREFIX=/home/huahua/project/ROS2-Gazebo-GO2/install/cartographer
[0.571s] Invoking command in '/home/huahua/project/ROS2-Gazebo-GO2/build/cartographer': CMAKE_PREFIX_PATH=${CMAKE_PREFIX_PATH}:/opt/ros/humble /usr/bin/cmake --build /home/huahua/project/ROS2-Gazebo-GO2/build/cartographer -- -j20 -l20
[0.598s] Invoked command in '/home/huahua/project/ROS2-Gazebo-GO2/build/cartographer' returned '0': CMAKE_PREFIX_PATH=${CMAKE_PREFIX_PATH}:/opt/ros/humble /usr/bin/cmake --build /home/huahua/project/ROS2-Gazebo-GO2/build/cartographer -- -j20 -l20
[0.606s] Invoking command in '/home/huahua/project/ROS2-Gazebo-GO2/build/cartographer': CMAKE_PREFIX_PATH=${CMAKE_PREFIX_PATH}:/opt/ros/humble /usr/bin/cmake --install /home/huahua/project/ROS2-Gazebo-GO2/build/cartographer
[0.612s] -- Install configuration: ""
[0.612s] -- Installing: /home/huahua/project/ROS2-Gazebo-GO2/install/cartographer/share/cartographer/config
[0.612s] -- Installing: /home/huahua/project/ROS2-Gazebo-GO2/install/cartographer/share/cartographer/config/go2_cartographer.lua
[0.612s] -- Installing: /home/huahua/project/ROS2-Gazebo-GO2/install/cartographer/share/cartographer/launch
[0.613s] -- Installing: /home/huahua/project/ROS2-Gazebo-GO2/install/cartographer/share/cartographer/launch/slam_toolbox.launch.py
[0.613s] -- Installing: /home/huahua/project/ROS2-Gazebo-GO2/install/cartographer/share/cartographer/launch/go2_cartographer.launch.py
[0.613s] -- Installing: /home/huahua/project/ROS2-Gazebo-GO2/install/cartographer/share/cartographer/rviz
[0.613s] -- Installing: /home/huahua/project/ROS2-Gazebo-GO2/install/cartographer/share/cartographer/rviz/go2_cartographer.rviz
[0.613s] -- Installing: /home/huahua/project/ROS2-Gazebo-GO2/install/cartographer/share/ament_index/resource_index/package_run_dependencies/cartographer
[0.613s] -- Installing: /home/huahua/project/ROS2-Gazebo-GO2/install/cartographer/share/ament_index/resource_index/parent_prefix_path/cartographer
[0.613s] -- Installing: /home/huahua/project/ROS2-Gazebo-GO2/install/cartographer/share/cartographer/environment/ament_prefix_path.sh
[0.613s] -- Installing: /home/huahua/project/ROS2-Gazebo-GO2/install/cartographer/share/cartographer/environment/ament_prefix_path.dsv
[0.613s] -- Installing: /home/huahua/project/ROS2-Gazebo-GO2/install/cartographer/share/cartographer/environment/path.sh
[0.613s] -- Installing: /home/huahua/project/ROS2-Gazebo-GO2/install/cartographer/share/cartographer/environment/path.dsv
[0.614s] -- Installing: /home/huahua/project/ROS2-Gazebo-GO2/install/cartographer/share/cartographer/local_setup.bash
[0.614s] -- Installing: /home/huahua/project/ROS2-Gazebo-GO2/install/cartographer/share/cartographer/local_setup.sh
[0.614s] -- Installing: /home/huahua/project/ROS2-Gazebo-GO2/install/cartographer/share/cartographer/local_setup.zsh
[0.614s] -- Installing: /home/huahua/project/ROS2-Gazebo-GO2/install/cartographer/share/cartographer/local_setup.dsv
[0.614s] -- Installing: /home/huahua/project/ROS2-Gazebo-GO2/install/cartographer/share/cartographer/package.dsv
[0.614s] -- Installing: /home/huahua/project/ROS2-Gazebo-GO2/install/cartographer/share/ament_index/resource_index/packages/cartographer
[0.614s] -- Installing: /home/huahua/project/ROS2-Gazebo-GO2/install/cartographer/share/cartographer/cmake/cartographerConfig.cmake
[0.614s] -- Installing: /home/huahua/project/ROS2-Gazebo-GO2/install/cartographer/share/cartographer/cmake/cartographerConfig-version.cmake
[0.614s] -- Installing: /home/huahua/project/ROS2-Gazebo-GO2/install/cartographer/share/cartographer/package.xml
[0.614s] Invoked command in '/home/huahua/project/ROS2-Gazebo-GO2/build/cartographer' returned '0': CMAKE_PREFIX_PATH=${CMAKE_PREFIX_PATH}:/opt/ros/humble /usr/bin/cmake --install /home/huahua/project/ROS2-Gazebo-GO2/build/cartographer
