[0.012s] Invoking command in '/home/huahua/project/ROS2-Gazebo-GO2/build/go2_description': CMAKE_PREFIX_PATH=${CMAKE_PREFIX_PATH}:/opt/ros/humble /usr/bin/cmake /home/huahua/project/ROS2-Gazebo-GO2/src/go2_description -DCMAKE_INSTALL_PREFIX=/home/huahua/project/ROS2-Gazebo-GO2/install/go2_description
[0.089s] -- The C compiler identification is GNU 11.4.0
[0.156s] -- The CXX compiler identification is GNU 11.4.0
[0.164s] -- Detecting C compiler ABI info
[0.210s] -- Detecting C compiler ABI info - done
[0.214s] -- Check for working C compiler: /usr/bin/cc - skipped
[0.217s] -- Detecting C compile features
[0.218s] -- Detecting C compile features - done
[0.221s] -- Detecting CXX compiler ABI info
[0.274s] -- Detecting CXX compiler ABI info - done
[0.278s] -- Check for working CXX compiler: /usr/bin/c++ - skipped
[0.278s] -- Detecting CXX compile features
[0.278s] -- Detecting CXX compile features - done
[0.291s] -- Found ament_cmake: 1.3.12 (/opt/ros/humble/share/ament_cmake/cmake)
[0.432s] -- Found Python3: /usr/bin/python3 (found version "3.10.12") found components: Interpreter 
[0.514s] -- Found ament_lint_auto: 0.12.14 (/opt/ros/humble/share/ament_lint_auto/cmake)
[0.562s] -- Configuring done
[0.567s] -- Generating done
[0.567s] -- Build files have been written to: /home/huahua/project/ROS2-Gazebo-GO2/build/go2_description
[0.569s] Invoked command in '/home/huahua/project/ROS2-Gazebo-GO2/build/go2_description' returned '0': CMAKE_PREFIX_PATH=${CMAKE_PREFIX_PATH}:/opt/ros/humble /usr/bin/cmake /home/huahua/project/ROS2-Gazebo-GO2/src/go2_description -DCMAKE_INSTALL_PREFIX=/home/huahua/project/ROS2-Gazebo-GO2/install/go2_description
[0.570s] Invoking command in '/home/huahua/project/ROS2-Gazebo-GO2/build/go2_description': CMAKE_PREFIX_PATH=${CMAKE_PREFIX_PATH}:/opt/ros/humble /usr/bin/cmake --build /home/huahua/project/ROS2-Gazebo-GO2/build/go2_description -- -j20 -l20
[0.605s] Invoked command in '/home/huahua/project/ROS2-Gazebo-GO2/build/go2_description' returned '0': CMAKE_PREFIX_PATH=${CMAKE_PREFIX_PATH}:/opt/ros/humble /usr/bin/cmake --build /home/huahua/project/ROS2-Gazebo-GO2/build/go2_description -- -j20 -l20
[0.606s] Invoking command in '/home/huahua/project/ROS2-Gazebo-GO2/build/go2_description': CMAKE_PREFIX_PATH=${CMAKE_PREFIX_PATH}:/opt/ros/humble /usr/bin/cmake --install /home/huahua/project/ROS2-Gazebo-GO2/build/go2_description
[0.613s] -- Install configuration: ""
[0.613s] -- Installing: /home/huahua/project/ROS2-Gazebo-GO2/install/go2_description/share/go2_description/config
[0.613s] -- Installing: /home/huahua/project/ROS2-Gazebo-GO2/install/go2_description/share/go2_description/config/ros_control.yaml
[0.614s] -- Installing: /home/huahua/project/ROS2-Gazebo-GO2/install/go2_description/share/go2_description/dae
[0.614s] -- Installing: /home/huahua/project/ROS2-Gazebo-GO2/install/go2_description/share/go2_description/dae/thigh.dae
[0.618s] -- Installing: /home/huahua/project/ROS2-Gazebo-GO2/install/go2_description/share/go2_description/dae/thigh_mirror.dae
[0.622s] -- Installing: /home/huahua/project/ROS2-Gazebo-GO2/install/go2_description/share/go2_description/dae/calf.dae
[0.622s] -- Installing: /home/huahua/project/ROS2-Gazebo-GO2/install/go2_description/share/go2_description/dae/foot.dae
[0.622s] -- Installing: /home/huahua/project/ROS2-Gazebo-GO2/install/go2_description/share/go2_description/dae/base.dae
[0.630s] -- Installing: /home/huahua/project/ROS2-Gazebo-GO2/install/go2_description/share/go2_description/dae/calf_mirror.dae
[0.631s] -- Installing: /home/huahua/project/ROS2-Gazebo-GO2/install/go2_description/share/go2_description/dae/hip.dae
[0.634s] -- Installing: /home/huahua/project/ROS2-Gazebo-GO2/install/go2_description/share/go2_description/launch
[0.634s] -- Installing: /home/huahua/project/ROS2-Gazebo-GO2/install/go2_description/share/go2_description/launch/description.launch.py
[0.634s] -- Installing: /home/huahua/project/ROS2-Gazebo-GO2/install/go2_description/share/go2_description/meshes
[0.634s] -- Installing: /home/huahua/project/ROS2-Gazebo-GO2/install/go2_description/share/go2_description/meshes/hokuyo.dae
[0.634s] -- Installing: /home/huahua/project/ROS2-Gazebo-GO2/install/go2_description/share/go2_description/meshes/thigh.dae
[0.637s] -- Installing: /home/huahua/project/ROS2-Gazebo-GO2/install/go2_description/share/go2_description/meshes/trunk.dae
[0.647s] -- Installing: /home/huahua/project/ROS2-Gazebo-GO2/install/go2_description/share/go2_description/meshes/Vlp16.dae
[0.647s] -- Installing: /home/huahua/project/ROS2-Gazebo-GO2/install/go2_description/share/go2_description/meshes/thigh_mirror.dae
[0.653s] -- Installing: /home/huahua/project/ROS2-Gazebo-GO2/install/go2_description/share/go2_description/meshes/calf.dae
[0.653s] -- Installing: /home/huahua/project/ROS2-Gazebo-GO2/install/go2_description/share/go2_description/meshes/foot.dae
[0.653s] -- Installing: /home/huahua/project/ROS2-Gazebo-GO2/install/go2_description/share/go2_description/meshes/realsense.dae
[0.653s] -- Installing: /home/huahua/project/ROS2-Gazebo-GO2/install/go2_description/share/go2_description/meshes/calf_mirror.dae
[0.653s] -- Installing: /home/huahua/project/ROS2-Gazebo-GO2/install/go2_description/share/go2_description/meshes/hip.dae
[0.655s] -- Installing: /home/huahua/project/ROS2-Gazebo-GO2/install/go2_description/share/go2_description/urdf
[0.656s] -- Installing: /home/huahua/project/ROS2-Gazebo-GO2/install/go2_description/share/go2_description/urdf/.history
[0.656s] -- Installing: /home/huahua/project/ROS2-Gazebo-GO2/install/go2_description/share/go2_description/urdf/.history/go2_description_20230904193710.urdf
[0.656s] -- Installing: /home/huahua/project/ROS2-Gazebo-GO2/install/go2_description/share/go2_description/urdf/.history/go2_description_20230905112217.urdf
[0.656s] -- Installing: /home/huahua/project/ROS2-Gazebo-GO2/install/go2_description/share/go2_description/urdf/.history/go2_description_20230904193711.urdf
[0.656s] -- Installing: /home/huahua/project/ROS2-Gazebo-GO2/install/go2_description/share/go2_description/urdf/.history/go2_description_20230905113754.urdf
[0.656s] -- Installing: /home/huahua/project/ROS2-Gazebo-GO2/install/go2_description/share/go2_description/urdf/.history/go2_description_20230905112047.urdf
[0.656s] -- Installing: /home/huahua/project/ROS2-Gazebo-GO2/install/go2_description/share/go2_description/urdf/.history/go2_description_20230905113755.urdf
[0.656s] -- Installing: /home/huahua/project/ROS2-Gazebo-GO2/install/go2_description/share/go2_description/urdf/.history/go2_description_20230904193644.urdf
[0.656s] -- Installing: /home/huahua/project/ROS2-Gazebo-GO2/install/go2_description/share/go2_description/urdf/.history/go2_description_20230905115022.urdf
[0.656s] -- Installing: /home/huahua/project/ROS2-Gazebo-GO2/install/go2_description/share/go2_description/urdf/.history/go2_description_20230905113839.urdf
[0.657s] -- Installing: /home/huahua/project/ROS2-Gazebo-GO2/install/go2_description/share/go2_description/urdf/.history/go2_description_20230905115226.urdf
[0.657s] -- Installing: /home/huahua/project/ROS2-Gazebo-GO2/install/go2_description/share/go2_description/urdf/.history/go2_description_20230905113000.urdf
[0.657s] -- Installing: /home/huahua/project/ROS2-Gazebo-GO2/install/go2_description/share/go2_description/urdf/.history/go2_description_20230905115040.urdf
[0.657s] -- Installing: /home/huahua/project/ROS2-Gazebo-GO2/install/go2_description/share/go2_description/urdf/.history/go2_description_20230905113633.urdf
[0.657s] -- Installing: /home/huahua/project/ROS2-Gazebo-GO2/install/go2_description/share/go2_description/urdf/.history/go2_description_20230905114759.urdf
[0.657s] -- Installing: /home/huahua/project/ROS2-Gazebo-GO2/install/go2_description/share/go2_description/urdf/.history/go2_description_20230905113059.urdf
[0.657s] -- Installing: /home/huahua/project/ROS2-Gazebo-GO2/install/go2_description/share/go2_description/urdf/.history/go2_description_20230904193705.urdf
[0.657s] -- Installing: /home/huahua/project/ROS2-Gazebo-GO2/install/go2_description/share/go2_description/urdf/.history/go2_description_20230904193653.urdf
[0.657s] -- Installing: /home/huahua/project/ROS2-Gazebo-GO2/install/go2_description/share/go2_description/urdf/.history/go2_description_20230905112143.urdf
[0.658s] -- Installing: /home/huahua/project/ROS2-Gazebo-GO2/install/go2_description/share/go2_description/urdf/.history/go2_description_20230904182446.urdf
[0.658s] -- Installing: /home/huahua/project/ROS2-Gazebo-GO2/install/go2_description/share/go2_description/urdf/.history/go2_description_20230905115313.urdf
[0.658s] -- Installing: /home/huahua/project/ROS2-Gazebo-GO2/install/go2_description/share/go2_description/urdf/.history/go2_description_20230904144240.urdf
[0.658s] -- Installing: /home/huahua/project/ROS2-Gazebo-GO2/install/go2_description/share/go2_description/urdf/.history/go2_description_20230905115021.urdf
[0.658s] -- Installing: /home/huahua/project/ROS2-Gazebo-GO2/install/go2_description/share/go2_description/urdf/.history/go2_description_20230905113840.urdf
[0.658s] -- Installing: /home/huahua/project/ROS2-Gazebo-GO2/install/go2_description/share/go2_description/urdf/.history/go2_description_20230905115215.urdf
[0.658s] -- Installing: /home/huahua/project/ROS2-Gazebo-GO2/install/go2_description/share/go2_description/urdf/.history/go2_description_20230905112752.urdf
[0.658s] -- Installing: /home/huahua/project/ROS2-Gazebo-GO2/install/go2_description/share/go2_description/urdf/.history/go2_description_20230905112749.urdf
[0.658s] -- Installing: /home/huahua/project/ROS2-Gazebo-GO2/install/go2_description/share/go2_description/urdf/.history/go2_description_20230905112735.urdf
[0.659s] -- Installing: /home/huahua/project/ROS2-Gazebo-GO2/install/go2_description/share/go2_description/urdf/.history/go2_description_20230905115300.urdf
[0.659s] -- Installing: /home/huahua/project/ROS2-Gazebo-GO2/install/go2_description/share/go2_description/urdf/.history/go2_description_20230905112944.urdf
[0.659s] -- Installing: /home/huahua/project/ROS2-Gazebo-GO2/install/go2_description/share/go2_description/urdf/.history/go2_description_20230905114819.urdf
[0.659s] -- Installing: /home/huahua/project/ROS2-Gazebo-GO2/install/go2_description/share/go2_description/urdf/.history/go2_description_20230904193628.urdf
[0.659s] -- Installing: /home/huahua/project/ROS2-Gazebo-GO2/install/go2_description/share/go2_description/urdf/Amended_collision_model.png
[0.659s] -- Installing: /home/huahua/project/ROS2-Gazebo-GO2/install/go2_description/share/go2_description/urdf/go2_description.urdf
[0.659s] -- Installing: /home/huahua/project/ROS2-Gazebo-GO2/install/go2_description/share/go2_description/urdf/Normal_collision_model.png
[0.659s] -- Installing: /home/huahua/project/ROS2-Gazebo-GO2/install/go2_description/share/go2_description/xacro
[0.659s] -- Installing: /home/huahua/project/ROS2-Gazebo-GO2/install/go2_description/share/go2_description/xacro/gazebo.xacro
[0.659s] -- Installing: /home/huahua/project/ROS2-Gazebo-GO2/install/go2_description/share/go2_description/xacro/const.xacro
[0.659s] -- Installing: /home/huahua/project/ROS2-Gazebo-GO2/install/go2_description/share/go2_description/xacro/robot_VLP_D435i.xacro
[0.659s] -- Installing: /home/huahua/project/ROS2-Gazebo-GO2/install/go2_description/share/go2_description/xacro/robot.xacro
[0.659s] -- Installing: /home/huahua/project/ROS2-Gazebo-GO2/install/go2_description/share/go2_description/xacro/leg.xacro
[0.660s] -- Installing: /home/huahua/project/ROS2-Gazebo-GO2/install/go2_description/share/go2_description/xacro/gazebo_VLP_D435i.xacro
[0.660s] -- Installing: /home/huahua/project/ROS2-Gazebo-GO2/install/go2_description/share/go2_description/xacro/transmission.xacro
[0.660s] -- Installing: /home/huahua/project/ROS2-Gazebo-GO2/install/go2_description/share/go2_description/xacro/materials.xacro
[0.660s] -- Installing: /home/huahua/project/ROS2-Gazebo-GO2/install/go2_description/share/ament_index/resource_index/package_run_dependencies/go2_description
[0.660s] -- Installing: /home/huahua/project/ROS2-Gazebo-GO2/install/go2_description/share/ament_index/resource_index/parent_prefix_path/go2_description
[0.660s] -- Installing: /home/huahua/project/ROS2-Gazebo-GO2/install/go2_description/share/go2_description/environment/ament_prefix_path.sh
[0.660s] -- Installing: /home/huahua/project/ROS2-Gazebo-GO2/install/go2_description/share/go2_description/environment/ament_prefix_path.dsv
[0.660s] -- Installing: /home/huahua/project/ROS2-Gazebo-GO2/install/go2_description/share/go2_description/environment/path.sh
[0.660s] -- Installing: /home/huahua/project/ROS2-Gazebo-GO2/install/go2_description/share/go2_description/environment/path.dsv
[0.661s] -- Installing: /home/huahua/project/ROS2-Gazebo-GO2/install/go2_description/share/go2_description/local_setup.bash
[0.661s] -- Installing: /home/huahua/project/ROS2-Gazebo-GO2/install/go2_description/share/go2_description/local_setup.sh
[0.661s] -- Installing: /home/huahua/project/ROS2-Gazebo-GO2/install/go2_description/share/go2_description/local_setup.zsh
[0.661s] -- Installing: /home/huahua/project/ROS2-Gazebo-GO2/install/go2_description/share/go2_description/local_setup.dsv
[0.661s] -- Installing: /home/huahua/project/ROS2-Gazebo-GO2/install/go2_description/share/go2_description/package.dsv
[0.661s] -- Installing: /home/huahua/project/ROS2-Gazebo-GO2/install/go2_description/share/ament_index/resource_index/packages/go2_description
[0.661s] -- Installing: /home/huahua/project/ROS2-Gazebo-GO2/install/go2_description/share/go2_description/cmake/go2_descriptionConfig.cmake
[0.661s] -- Installing: /home/huahua/project/ROS2-Gazebo-GO2/install/go2_description/share/go2_description/cmake/go2_descriptionConfig-version.cmake
[0.661s] -- Installing: /home/huahua/project/ROS2-Gazebo-GO2/install/go2_description/share/go2_description/package.xml
[0.669s] Invoked command in '/home/huahua/project/ROS2-Gazebo-GO2/build/go2_description' returned '0': CMAKE_PREFIX_PATH=${CMAKE_PREFIX_PATH}:/opt/ros/humble /usr/bin/cmake --install /home/huahua/project/ROS2-Gazebo-GO2/build/go2_description
