[0.017s] Invoking command in '/home/huahua/project/ROS2-Gazebo-GO2/build/navigation2': CMAKE_PREFIX_PATH=${CMAKE_PREFIX_PATH}:/opt/ros/humble /usr/bin/cmake /home/huahua/project/ROS2-Gazebo-GO2/src/navigation2 -DCMAKE_INSTALL_PREFIX=/home/huahua/project/ROS2-Gazebo-GO2/install/navigation2
[0.098s] -- The C compiler identification is GNU 11.4.0
[0.165s] -- The CXX compiler identification is GNU 11.4.0
[0.172s] -- Detecting C compiler ABI info
[0.224s] -- Detecting C compiler ABI info - done
[0.228s] -- Check for working C compiler: /usr/bin/cc - skipped
[0.228s] -- Detecting C compile features
[0.228s] -- Detecting C compile features - done
[0.230s] -- Detecting CXX compiler ABI info
[0.283s] -- Detecting CXX compiler ABI info - done
[0.290s] -- Check for working CXX compiler: /usr/bin/c++ - skipped
[0.290s] -- Detecting CXX compile features
[0.290s] -- Detecting CXX compile features - done
[0.300s] -- Found ament_cmake: 1.3.12 (/opt/ros/humble/share/ament_cmake/cmake)
[0.433s] -- Found Python3: /usr/bin/python3 (found version "3.10.12") found components: Interpreter 
[0.530s] -- Found nav2_bringup: 1.1.20 (/opt/ros/humble/share/nav2_bringup/cmake)
[0.589s] -- Configuring done
[0.592s] -- Generating done
[0.592s] -- Build files have been written to: /home/huahua/project/ROS2-Gazebo-GO2/build/navigation2
[0.597s] Invoked command in '/home/huahua/project/ROS2-Gazebo-GO2/build/navigation2' returned '0': CMAKE_PREFIX_PATH=${CMAKE_PREFIX_PATH}:/opt/ros/humble /usr/bin/cmake /home/huahua/project/ROS2-Gazebo-GO2/src/navigation2 -DCMAKE_INSTALL_PREFIX=/home/huahua/project/ROS2-Gazebo-GO2/install/navigation2
[0.602s] Invoking command in '/home/huahua/project/ROS2-Gazebo-GO2/build/navigation2': CMAKE_PREFIX_PATH=${CMAKE_PREFIX_PATH}:/opt/ros/humble /usr/bin/cmake --build /home/huahua/project/ROS2-Gazebo-GO2/build/navigation2 -- -j20 -l20
[0.647s] Invoked command in '/home/huahua/project/ROS2-Gazebo-GO2/build/navigation2' returned '0': CMAKE_PREFIX_PATH=${CMAKE_PREFIX_PATH}:/opt/ros/humble /usr/bin/cmake --build /home/huahua/project/ROS2-Gazebo-GO2/build/navigation2 -- -j20 -l20
[0.648s] Invoking command in '/home/huahua/project/ROS2-Gazebo-GO2/build/navigation2': CMAKE_PREFIX_PATH=${CMAKE_PREFIX_PATH}:/opt/ros/humble /usr/bin/cmake --install /home/huahua/project/ROS2-Gazebo-GO2/build/navigation2
[0.653s] -- Install configuration: ""
[0.653s] -- Installing: /home/huahua/project/ROS2-Gazebo-GO2/install/navigation2/share/navigation2/launch
[0.653s] -- Installing: /home/huahua/project/ROS2-Gazebo-GO2/install/navigation2/share/navigation2/launch/go2_navigation2.launch.py
[0.654s] -- Installing: /home/huahua/project/ROS2-Gazebo-GO2/install/navigation2/share/navigation2/param
[0.654s] -- Installing: /home/huahua/project/ROS2-Gazebo-GO2/install/navigation2/share/navigation2/param/go2_nav2.yaml
[0.654s] -- Installing: /home/huahua/project/ROS2-Gazebo-GO2/install/navigation2/share/navigation2/config
[0.654s] -- Installing: /home/huahua/project/ROS2-Gazebo-GO2/install/navigation2/share/navigation2/config/robots.yaml
[0.654s] -- Installing: /home/huahua/project/ROS2-Gazebo-GO2/install/navigation2/share/navigation2/maps
[0.654s] -- Installing: /home/huahua/project/ROS2-Gazebo-GO2/install/navigation2/share/navigation2/maps/warehouse_map.pgm
[0.655s] -- Installing: /home/huahua/project/ROS2-Gazebo-GO2/install/navigation2/share/navigation2/maps/warehouse_map.yaml
[0.655s] -- Installing: /home/huahua/project/ROS2-Gazebo-GO2/install/navigation2/share/navigation2/rviz
[0.655s] -- Installing: /home/huahua/project/ROS2-Gazebo-GO2/install/navigation2/share/navigation2/rviz/go2_nav2.rviz
[0.655s] -- Installing: /home/huahua/project/ROS2-Gazebo-GO2/install/navigation2/share/ament_index/resource_index/package_run_dependencies/navigation2
[0.655s] -- Installing: /home/huahua/project/ROS2-Gazebo-GO2/install/navigation2/share/ament_index/resource_index/parent_prefix_path/navigation2
[0.655s] -- Installing: /home/huahua/project/ROS2-Gazebo-GO2/install/navigation2/share/navigation2/environment/ament_prefix_path.sh
[0.655s] -- Installing: /home/huahua/project/ROS2-Gazebo-GO2/install/navigation2/share/navigation2/environment/ament_prefix_path.dsv
[0.655s] -- Installing: /home/huahua/project/ROS2-Gazebo-GO2/install/navigation2/share/navigation2/environment/path.sh
[0.655s] -- Installing: /home/huahua/project/ROS2-Gazebo-GO2/install/navigation2/share/navigation2/environment/path.dsv
[0.655s] -- Installing: /home/huahua/project/ROS2-Gazebo-GO2/install/navigation2/share/navigation2/local_setup.bash
[0.655s] -- Installing: /home/huahua/project/ROS2-Gazebo-GO2/install/navigation2/share/navigation2/local_setup.sh
[0.655s] -- Installing: /home/huahua/project/ROS2-Gazebo-GO2/install/navigation2/share/navigation2/local_setup.zsh
[0.656s] -- Installing: /home/huahua/project/ROS2-Gazebo-GO2/install/navigation2/share/navigation2/local_setup.dsv
[0.656s] -- Installing: /home/huahua/project/ROS2-Gazebo-GO2/install/navigation2/share/navigation2/package.dsv
[0.656s] -- Installing: /home/huahua/project/ROS2-Gazebo-GO2/install/navigation2/share/ament_index/resource_index/packages/navigation2
[0.656s] -- Installing: /home/huahua/project/ROS2-Gazebo-GO2/install/navigation2/share/navigation2/cmake/navigation2Config.cmake
[0.656s] -- Installing: /home/huahua/project/ROS2-Gazebo-GO2/install/navigation2/share/navigation2/cmake/navigation2Config-version.cmake
[0.656s] -- Installing: /home/huahua/project/ROS2-Gazebo-GO2/install/navigation2/share/navigation2/package.xml
[0.657s] Invoked command in '/home/huahua/project/ROS2-Gazebo-GO2/build/navigation2' returned '0': CMAKE_PREFIX_PATH=${CMAKE_PREFIX_PATH}:/opt/ros/humble /usr/bin/cmake --install /home/huahua/project/ROS2-Gazebo-GO2/build/navigation2
