[0.013s] Invoking command in '/home/huahua/project/ROS2-Gazebo-GO2/build/go1_description': AMENT_PREFIX_PATH=/home/huahua/project/ROS2-Gazebo-GO2/install/navigation2:${AMENT_PREFIX_PATH} CMAKE_PREFIX_PATH=/home/huahua/project/ROS2-Gazebo-GO2/install/navigation2:/opt/openrobots:/home/huahua/project/Quadruped_ROS2_Control/libtorch-shared-with-deps-2.10.0+cu128/libtorch:/opt/openrobots:/home/huahua/project/Quadruped_ROS2_Control/libtorch-shared-with-deps-2.10.0+cu128/libtorch:/home/huahua/project/Go2/unitree_ros2/cyclonedds_ws/install/unitree_hg:/home/huahua/project/Go2/unitree_ros2/cyclonedds_ws/install/unitree_go:/home/huahua/project/Go2/unitree_ros2/cyclonedds_ws/install/unitree_api:/opt/ros/humble /usr/bin/cmake /home/huahua/project/ROS2-Gazebo-GO2/src/go1_description -DCMAKE_INSTALL_PREFIX=/home/huahua/project/ROS2-Gazebo-GO2/install/go1_description
[0.051s] -- The C compiler identification is GNU 11.4.0
[0.093s] -- The CXX compiler identification is GNU 11.4.0
[0.098s] -- Detecting C compiler ABI info
[0.144s] -- Detecting C compiler ABI info - done
[0.149s] -- Check for working C compiler: /usr/bin/cc - skipped
[0.149s] -- Detecting C compile features
[0.149s] -- Detecting C compile features - done
[0.151s] -- Detecting CXX compiler ABI info
[0.208s] -- Detecting CXX compiler ABI info - done
[0.214s] -- Check for working CXX compiler: /usr/bin/c++ - skipped
[0.214s] -- Detecting CXX compile features
[0.214s] -- Detecting CXX compile features - done
[0.216s] -- Found ament_cmake: 1.3.12 (/opt/ros/humble/share/ament_cmake/cmake)
[0.326s] -- Found Python3: /usr/bin/python3 (found version "3.10.12") found components: Interpreter 
[0.401s] -- Found rclcpp: 16.0.16 (/opt/ros/humble/share/rclcpp/cmake)
[0.436s] -- Found rosidl_generator_c: 3.1.7 (/opt/ros/humble/share/rosidl_generator_c/cmake)
[0.440s] -- Found rosidl_adapter: 3.1.7 (/opt/ros/humble/share/rosidl_adapter/cmake)
[0.446s] -- Found rosidl_generator_cpp: 3.1.7 (/opt/ros/humble/share/rosidl_generator_cpp/cmake)
[0.454s] -- Using all available rosidl_typesupport_c: rosidl_typesupport_fastrtps_c;rosidl_typesupport_introspection_c
[0.465s] -- Using all available rosidl_typesupport_cpp: rosidl_typesupport_fastrtps_cpp;rosidl_typesupport_introspection_cpp
[0.505s] -- Found rmw_implementation_cmake: 6.1.2 (/opt/ros/humble/share/rmw_implementation_cmake/cmake)
[0.508s] -- Found rmw_cyclonedds_cpp: 1.3.4 (/opt/ros/humble/share/rmw_cyclonedds_cpp/cmake)
[0.530s] -- Using RMW implementation 'rmw_cyclonedds_cpp' as default
[0.540s] -- Looking for pthread.h
[0.603s] -- Looking for pthread.h - found
[0.603s] -- Performing Test CMAKE_HAVE_LIBC_PTHREAD
[0.658s] -- Performing Test CMAKE_HAVE_LIBC_PTHREAD - Success
[0.659s] -- Found Threads: TRUE  
[0.707s] -- Found urdf: 2.6.1 (/opt/ros/humble/share/urdf/cmake)
[0.739s] -- Found xacro: 2.1.1 (/opt/ros/humble/share/xacro/cmake)
[0.781s] -- Configuring done
[0.783s] -- Generating done
[0.784s] -- Build files have been written to: /home/huahua/project/ROS2-Gazebo-GO2/build/go1_description
[0.789s] Invoked command in '/home/huahua/project/ROS2-Gazebo-GO2/build/go1_description' returned '0': AMENT_PREFIX_PATH=/home/huahua/project/ROS2-Gazebo-GO2/install/navigation2:${AMENT_PREFIX_PATH} CMAKE_PREFIX_PATH=/home/huahua/project/ROS2-Gazebo-GO2/install/navigation2:/opt/openrobots:/home/huahua/project/Quadruped_ROS2_Control/libtorch-shared-with-deps-2.10.0+cu128/libtorch:/opt/openrobots:/home/huahua/project/Quadruped_ROS2_Control/libtorch-shared-with-deps-2.10.0+cu128/libtorch:/home/huahua/project/Go2/unitree_ros2/cyclonedds_ws/install/unitree_hg:/home/huahua/project/Go2/unitree_ros2/cyclonedds_ws/install/unitree_go:/home/huahua/project/Go2/unitree_ros2/cyclonedds_ws/install/unitree_api:/opt/ros/humble /usr/bin/cmake /home/huahua/project/ROS2-Gazebo-GO2/src/go1_description -DCMAKE_INSTALL_PREFIX=/home/huahua/project/ROS2-Gazebo-GO2/install/go1_description
[0.790s] Invoking command in '/home/huahua/project/ROS2-Gazebo-GO2/build/go1_description': AMENT_PREFIX_PATH=/home/huahua/project/ROS2-Gazebo-GO2/install/navigation2:${AMENT_PREFIX_PATH} CMAKE_PREFIX_PATH=/home/huahua/project/ROS2-Gazebo-GO2/install/navigation2:/opt/openrobots:/home/huahua/project/Quadruped_ROS2_Control/libtorch-shared-with-deps-2.10.0+cu128/libtorch:/opt/openrobots:/home/huahua/project/Quadruped_ROS2_Control/libtorch-shared-with-deps-2.10.0+cu128/libtorch:/home/huahua/project/Go2/unitree_ros2/cyclonedds_ws/install/unitree_hg:/home/huahua/project/Go2/unitree_ros2/cyclonedds_ws/install/unitree_go:/home/huahua/project/Go2/unitree_ros2/cyclonedds_ws/install/unitree_api:/opt/ros/humble /usr/bin/cmake --build /home/huahua/project/ROS2-Gazebo-GO2/build/go1_description -- -j20 -l20
[0.828s] Invoked command in '/home/huahua/project/ROS2-Gazebo-GO2/build/go1_description' returned '0': AMENT_PREFIX_PATH=/home/huahua/project/ROS2-Gazebo-GO2/install/navigation2:${AMENT_PREFIX_PATH} CMAKE_PREFIX_PATH=/home/huahua/project/ROS2-Gazebo-GO2/install/navigation2:/opt/openrobots:/home/huahua/project/Quadruped_ROS2_Control/libtorch-shared-with-deps-2.10.0+cu128/libtorch:/opt/openrobots:/home/huahua/project/Quadruped_ROS2_Control/libtorch-shared-with-deps-2.10.0+cu128/libtorch:/home/huahua/project/Go2/unitree_ros2/cyclonedds_ws/install/unitree_hg:/home/huahua/project/Go2/unitree_ros2/cyclonedds_ws/install/unitree_go:/home/huahua/project/Go2/unitree_ros2/cyclonedds_ws/install/unitree_api:/opt/ros/humble /usr/bin/cmake --build /home/huahua/project/ROS2-Gazebo-GO2/build/go1_description -- -j20 -l20
[0.830s] Invoking command in '/home/huahua/project/ROS2-Gazebo-GO2/build/go1_description': AMENT_PREFIX_PATH=/home/huahua/project/ROS2-Gazebo-GO2/install/navigation2:${AMENT_PREFIX_PATH} CMAKE_PREFIX_PATH=/home/huahua/project/ROS2-Gazebo-GO2/install/navigation2:/opt/openrobots:/home/huahua/project/Quadruped_ROS2_Control/libtorch-shared-with-deps-2.10.0+cu128/libtorch:/opt/openrobots:/home/huahua/project/Quadruped_ROS2_Control/libtorch-shared-with-deps-2.10.0+cu128/libtorch:/home/huahua/project/Go2/unitree_ros2/cyclonedds_ws/install/unitree_hg:/home/huahua/project/Go2/unitree_ros2/cyclonedds_ws/install/unitree_go:/home/huahua/project/Go2/unitree_ros2/cyclonedds_ws/install/unitree_api:/opt/ros/humble /usr/bin/cmake --install /home/huahua/project/ROS2-Gazebo-GO2/build/go1_description
[0.837s] -- Install configuration: ""
[0.837s] -- Installing: /home/huahua/project/ROS2-Gazebo-GO2/install/go1_description/share/go1_description//meshes
[0.837s] -- Installing: /home/huahua/project/ROS2-Gazebo-GO2/install/go1_description/share/go1_description//meshes/thigh.dae
[0.838s] -- Installing: /home/huahua/project/ROS2-Gazebo-GO2/install/go1_description/share/go1_description//meshes/trunk.dae
[0.868s] -- Installing: /home/huahua/project/ROS2-Gazebo-GO2/install/go1_description/share/go1_description//meshes/thigh_mirror.dae
[0.869s] -- Installing: /home/huahua/project/ROS2-Gazebo-GO2/install/go1_description/share/go1_description//meshes/calf.dae
[0.870s] -- Installing: /home/huahua/project/ROS2-Gazebo-GO2/install/go1_description/share/go1_description//meshes/depthCamera.dae
[0.870s] -- Installing: /home/huahua/project/ROS2-Gazebo-GO2/install/go1_description/share/go1_description//meshes/ultraSound.dae
[0.870s] -- Installing: /home/huahua/project/ROS2-Gazebo-GO2/install/go1_description/share/go1_description//meshes/hip.dae
[0.871s] -- Installing: /home/huahua/project/ROS2-Gazebo-GO2/install/go1_description/share/go1_description//config
[0.871s] -- Installing: /home/huahua/project/ROS2-Gazebo-GO2/install/go1_description/share/go1_description//config/robot_control.yaml
[0.871s] -- Installing: /home/huahua/project/ROS2-Gazebo-GO2/install/go1_description/share/go1_description//config/gz_bridge.yaml
[0.871s] -- Installing: /home/huahua/project/ROS2-Gazebo-GO2/install/go1_description/share/go1_description//config/gaz_ros2_ctl_use_sim.yaml
[0.871s] -- Installing: /home/huahua/project/ROS2-Gazebo-GO2/install/go1_description/share/go1_description//xacro
[0.871s] -- Installing: /home/huahua/project/ROS2-Gazebo-GO2/install/go1_description/share/go1_description//xacro/gazebo.xacro
[0.871s] -- Installing: /home/huahua/project/ROS2-Gazebo-GO2/install/go1_description/share/go1_description//xacro/ultraSound.xacro
[0.871s] -- Installing: /home/huahua/project/ROS2-Gazebo-GO2/install/go1_description/share/go1_description//xacro/const.xacro
[0.871s] -- Installing: /home/huahua/project/ROS2-Gazebo-GO2/install/go1_description/share/go1_description//xacro/robot.xacro
[0.872s] -- Installing: /home/huahua/project/ROS2-Gazebo-GO2/install/go1_description/share/go1_description//xacro/leg.xacro
[0.872s] -- Installing: /home/huahua/project/ROS2-Gazebo-GO2/install/go1_description/share/go1_description//xacro/transmission.xacro
[0.872s] -- Installing: /home/huahua/project/ROS2-Gazebo-GO2/install/go1_description/share/go1_description//xacro/materials.xacro
[0.872s] -- Installing: /home/huahua/project/ROS2-Gazebo-GO2/install/go1_description/share/go1_description//xacro/depthCamera.xacro
[0.872s] -- Installing: /home/huahua/project/ROS2-Gazebo-GO2/install/go1_description/share/go1_description//launch
[0.872s] -- Installing: /home/huahua/project/ROS2-Gazebo-GO2/install/go1_description/share/go1_description//launch/joints_move.launch.py
[0.872s] -- Installing: /home/huahua/project/ROS2-Gazebo-GO2/install/go1_description/share/go1_description//launch/launch_sim.launch.py
[0.872s] -- Installing: /home/huahua/project/ROS2-Gazebo-GO2/install/go1_description/share/ament_index/resource_index/package_run_dependencies/go1_description
[0.872s] -- Installing: /home/huahua/project/ROS2-Gazebo-GO2/install/go1_description/share/ament_index/resource_index/parent_prefix_path/go1_description
[0.872s] -- Installing: /home/huahua/project/ROS2-Gazebo-GO2/install/go1_description/share/go1_description/environment/ament_prefix_path.sh
[0.872s] -- Installing: /home/huahua/project/ROS2-Gazebo-GO2/install/go1_description/share/go1_description/environment/ament_prefix_path.dsv
[0.872s] -- Installing: /home/huahua/project/ROS2-Gazebo-GO2/install/go1_description/share/go1_description/environment/path.sh
[0.872s] -- Installing: /home/huahua/project/ROS2-Gazebo-GO2/install/go1_description/share/go1_description/environment/path.dsv
[0.872s] -- Installing: /home/huahua/project/ROS2-Gazebo-GO2/install/go1_description/share/go1_description/local_setup.bash
[0.872s] -- Installing: /home/huahua/project/ROS2-Gazebo-GO2/install/go1_description/share/go1_description/local_setup.sh
[0.872s] -- Installing: /home/huahua/project/ROS2-Gazebo-GO2/install/go1_description/share/go1_description/local_setup.zsh
[0.872s] -- Installing: /home/huahua/project/ROS2-Gazebo-GO2/install/go1_description/share/go1_description/local_setup.dsv
[0.872s] -- Installing: /home/huahua/project/ROS2-Gazebo-GO2/install/go1_description/share/go1_description/package.dsv
[0.873s] -- Installing: /home/huahua/project/ROS2-Gazebo-GO2/install/go1_description/share/ament_index/resource_index/packages/go1_description
[0.873s] -- Installing: /home/huahua/project/ROS2-Gazebo-GO2/install/go1_description/share/go1_description/cmake/go1_descriptionConfig.cmake
[0.873s] -- Installing: /home/huahua/project/ROS2-Gazebo-GO2/install/go1_description/share/go1_description/cmake/go1_descriptionConfig-version.cmake
[0.873s] -- Installing: /home/huahua/project/ROS2-Gazebo-GO2/install/go1_description/share/go1_description/package.xml
[0.874s] Invoked command in '/home/huahua/project/ROS2-Gazebo-GO2/build/go1_description' returned '0': AMENT_PREFIX_PATH=/home/huahua/project/ROS2-Gazebo-GO2/install/navigation2:${AMENT_PREFIX_PATH} CMAKE_PREFIX_PATH=/home/huahua/project/ROS2-Gazebo-GO2/install/navigation2:/opt/openrobots:/home/huahua/project/Quadruped_ROS2_Control/libtorch-shared-with-deps-2.10.0+cu128/libtorch:/opt/openrobots:/home/huahua/project/Quadruped_ROS2_Control/libtorch-shared-with-deps-2.10.0+cu128/libtorch:/home/huahua/project/Go2/unitree_ros2/cyclonedds_ws/install/unitree_hg:/home/huahua/project/Go2/unitree_ros2/cyclonedds_ws/install/unitree_go:/home/huahua/project/Go2/unitree_ros2/cyclonedds_ws/install/unitree_api:/opt/ros/humble /usr/bin/cmake --install /home/huahua/project/ROS2-Gazebo-GO2/build/go1_description
